2017-08-17 04:06:05 [INFO ] [] XPayClient initialize [./lgdacom] [test]
2017-08-17 04:06:05 [DEBUG] [] Config [server_id] = [01]
2017-08-17 04:06:05 [DEBUG] [] Config [timeout] = [60]
2017-08-17 04:06:05 [DEBUG] [] Config [log_level] = [4]
2017-08-17 04:06:05 [DEBUG] [] Config [verify_cert] = [0]
2017-08-17 04:06:05 [DEBUG] [] Config [verify_host] = [1]
2017-08-17 04:06:05 [DEBUG] [] Config [report_error] = [1]
2017-08-17 04:06:05 [DEBUG] [] Config [output_UTF8] = [1]
2017-08-17 04:06:05 [DEBUG] [] Config [auto_rollback] = [1]
2017-08-17 04:06:05 [DEBUG] [] Config [log_dir] = [./log]
2017-08-17 04:06:05 [DEBUG] [] Config [tminiver] = [690e08092ca44edaa0d2800e85d66137]
2017-08-17 04:06:05 [DEBUG] [] Config [miniver] = [690e08092ca44edaa0d2800e85d66137]
2017-08-17 04:06:05 [DEBUG] [] Config [url] = [https://xpayclient.lgdacom.net/xpay/Gateway.do]
2017-08-17 04:06:05 [DEBUG] [] Config [test_url] = [https://xpayclient.lgdacom.net:7443/xpay/Gateway.do]
2017-08-17 04:06:05 [DEBUG] [] Config [aux_url] = [http://xpayclient.lgdacom.net:7080/xpay/Gateway.do]
2017-08-17 04:06:05 [WARN ] [] Do not verify server Certificate
2017-08-17 04:06:05 [FATAL] [] Key for MID [tlgdacomxpay] does not exist in mall.conf
2017-08-17 04:06:16 [INFO ] [] XPayClient initialize [./lgdacom] [test]
2017-08-17 04:06:16 [DEBUG] [] Config [server_id] = [01]
2017-08-17 04:06:16 [DEBUG] [] Config [timeout] = [60]
2017-08-17 04:06:16 [DEBUG] [] Config [log_level] = [4]
2017-08-17 04:06:16 [DEBUG] [] Config [verify_cert] = [0]
2017-08-17 04:06:16 [DEBUG] [] Config [verify_host] = [1]
2017-08-17 04:06:16 [DEBUG] [] Config [report_error] = [1]
2017-08-17 04:06:16 [DEBUG] [] Config [output_UTF8] = [1]
2017-08-17 04:06:16 [DEBUG] [] Config [auto_rollback] = [1]
2017-08-17 04:06:16 [DEBUG] [] Config [log_dir] = [./log]
2017-08-17 04:06:16 [DEBUG] [] Config [tminiver] = [690e08092ca44edaa0d2800e85d66137]
2017-08-17 04:06:16 [DEBUG] [] Config [miniver] = [690e08092ca44edaa0d2800e85d66137]
2017-08-17 04:06:16 [DEBUG] [] Config [url] = [https://xpayclient.lgdacom.net/xpay/Gateway.do]
2017-08-17 04:06:16 [DEBUG] [] Config [test_url] = [https://xpayclient.lgdacom.net:7443/xpay/Gateway.do]
2017-08-17 04:06:16 [DEBUG] [] Config [aux_url] = [http://xpayclient.lgdacom.net:7080/xpay/Gateway.do]
2017-08-17 04:06:16 [WARN ] [] Do not verify server Certificate
2017-08-17 04:06:16 [FATAL] [] Key for MID [tlgdacomxpay] does not exist in mall.conf
